<?xml version="1.0" encoding="UTF-8"?>
<robot generator="Robot 6.1.1 (Python 3.8.10 on linux)" generated="20231226 18:53:51.941" rpa="false" schemaversion="4">
<suite id="s1" name="LaunchBrowser" source="/home/ridham/PycharmProjects/webAutomation/Tests/LaunchBrowser.robot">
<test id="s1-t1" name="Launch Browser" line="9">
<kw name="Open Browser" library="SeleniumLibrary">
<arg>https://www.saucedemo.com/</arg>
<arg>chrome</arg>
<arg>options=add_experimental_option("detach", True)</arg>
<doc>Opens a new browser instance to the optional ``url``.</doc>
<status status="NOT RUN" starttime="20231226 18:53:52.061" endtime="20231226 18:53:52.062"/>
</kw>
<status status="PASS" starttime="20231226 18:53:52.060" endtime="20231226 18:53:52.062"/>
</test>
<test id="s1-t2" name="Valid Login" line="12">
<kw name="Input Text" library="SeleniumLibrary">
<arg>user-name</arg>
<arg>${USERNAME}</arg>
<doc>Types the given ``text`` into the text field identified by ``locator``.</doc>
<status status="NOT RUN" starttime="20231226 18:53:52.063" endtime="20231226 18:53:52.064"/>
</kw>
<kw name="Input Password" library="SeleniumLibrary">
<arg>password</arg>
<arg>${PASSWORD}</arg>
<doc>Types the given password into the text field identified by ``locator``.</doc>
<status status="NOT RUN" starttime="20231226 18:53:52.064" endtime="20231226 18:53:52.065"/>
</kw>
<kw name="Click Button" library="SeleniumLibrary">
<arg>login-button</arg>
<doc>Clicks the button identified by ``locator``.</doc>
<status status="NOT RUN" starttime="20231226 18:53:52.065" endtime="20231226 18:53:52.065"/>
</kw>
<kw name="Log" library="BuiltIn">
<arg>Successfully logged in!</arg>
<doc>Logs the given message with the given level.</doc>
<status status="NOT RUN" starttime="20231226 18:53:52.065" endtime="20231226 18:53:52.066"/>
</kw>
<kw name="Click Button" library="SeleniumLibrary">
<arg>add-to-cart-sauce-labs-onesie</arg>
<doc>Clicks the button identified by ``locator``.</doc>
<status status="NOT RUN" starttime="20231226 18:53:52.066" endtime="20231226 18:53:52.066"/>
</kw>
<kw name="Click Button" library="SeleniumLibrary">
<arg>add-to-cart-sauce-labs-bike-light</arg>
<doc>Clicks the button identified by ``locator``.</doc>
<status status="NOT RUN" starttime="20231226 18:53:52.067" endtime="20231226 18:53:52.067"/>
</kw>
<kw name="Wait Until Element Is Visible" library="SeleniumLibrary">
<arg>shopping_cart_link</arg>
<doc>Waits until the element ``locator`` is visible.</doc>
<status status="NOT RUN" starttime="20231226 18:53:52.067" endtime="20231226 18:53:52.068"/>
</kw>
<kw name="Click Button" library="SeleniumLibrary">
<arg>css=.shopping_cart_link</arg>
<doc>Clicks the button identified by ``locator``.</doc>
<status status="NOT RUN" starttime="20231226 18:53:52.068" endtime="20231226 18:53:52.068"/>
</kw>
<status status="PASS" starttime="20231226 18:53:52.063" endtime="20231226 18:53:52.068"/>
</test>
<status status="PASS" starttime="20231226 18:53:51.942" endtime="20231226 18:53:52.069"/>
</suite>
<statistics>
<total>
<stat pass="2" fail="0" skip="0">All Tests</stat>
</total>
<tag>
</tag>
<suite>
<stat pass="2" fail="0" skip="0" id="s1" name="LaunchBrowser">LaunchBrowser</stat>
</suite>
</statistics>
<errors>
</errors>
</robot>
