<?xml version="1.0" encoding="UTF-8"?>
<robot generator="Robot 6.1.1 (Python 3.8.10 on linux)" generated="20231227 11:33:52.073" rpa="false" schemaversion="4">
<suite id="s1" name="LaunchBrowser" source="/home/ridham/PycharmProjects/webAutomation/Tests/LaunchBrowser.robot">
<test id="s1-t1" name="Launch Browser" line="9">
<kw name="Open Browser" library="SeleniumLibrary">
<arg>https://www.saucedemo.com/</arg>
<arg>chrome</arg>
<arg>options=add_experimental_option("detach", True)</arg>
<doc>Opens a new browser instance to the optional ``url``.</doc>
<msg timestamp="20231227 11:33:52.288" level="INFO">Opening browser 'chrome' to base url 'https://www.saucedemo.com/'.</msg>
<status status="PASS" starttime="20231227 11:33:52.288" endtime="20231227 11:33:59.873"/>
</kw>
<status status="PASS" starttime="20231227 11:33:52.287" endtime="20231227 11:33:59.874"/>
</test>
<test id="s1-t2" name="Valid Login" line="12">
<kw name="Input Text" library="SeleniumLibrary">
<arg>user-name</arg>
<arg>${USERNAME}</arg>
<doc>Types the given ``text`` into the text field identified by ``locator``.</doc>
<msg timestamp="20231227 11:33:59.876" level="INFO">Typing text 'standard_user' into text field 'user-name'.</msg>
<status status="PASS" starttime="20231227 11:33:59.875" endtime="20231227 11:34:00.007"/>
</kw>
<kw name="Input Password" library="SeleniumLibrary">
<arg>password</arg>
<arg>${PASSWORD}</arg>
<doc>Types the given password into the text field identified by ``locator``.</doc>
<msg timestamp="20231227 11:34:00.008" level="INFO">Typing password into text field 'password'.</msg>
<msg timestamp="20231227 11:34:00.045" level="INFO">Temporally setting log level to: NONE</msg>
<msg timestamp="20231227 11:34:00.112" level="INFO">Log level changed from NONE to INFO.</msg>
<status status="PASS" starttime="20231227 11:34:00.007" endtime="20231227 11:34:00.112"/>
</kw>
<kw name="Click Button" library="SeleniumLibrary">
<arg>login-button</arg>
<doc>Clicks the button identified by ``locator``.</doc>
<msg timestamp="20231227 11:34:00.113" level="INFO">Clicking button 'login-button'.</msg>
<status status="PASS" starttime="20231227 11:34:00.112" endtime="20231227 11:34:00.209"/>
</kw>
<kw name="Click Button" library="SeleniumLibrary">
<arg>add-to-cart-sauce-labs-onesie</arg>
<doc>Clicks the button identified by ``locator``.</doc>
<msg timestamp="20231227 11:34:00.210" level="INFO">Clicking button 'add-to-cart-sauce-labs-onesie'.</msg>
<status status="PASS" starttime="20231227 11:34:00.209" endtime="20231227 11:34:00.305"/>
</kw>
<kw name="Click Button" library="SeleniumLibrary">
<arg>add-to-cart-sauce-labs-bike-light</arg>
<doc>Clicks the button identified by ``locator``.</doc>
<msg timestamp="20231227 11:34:00.306" level="INFO">Clicking button 'add-to-cart-sauce-labs-bike-light'.</msg>
<status status="PASS" starttime="20231227 11:34:00.306" endtime="20231227 11:34:00.406"/>
</kw>
<kw name="Click Element" library="SeleniumLibrary">
<arg>css=.shopping_cart_link</arg>
<doc>Click the element identified by ``locator``.</doc>
<msg timestamp="20231227 11:34:00.407" level="INFO">Clicking element 'css=.shopping_cart_link'.</msg>
<status status="PASS" starttime="20231227 11:34:00.406" endtime="20231227 11:34:00.469"/>
</kw>
<kw name="Click Button" library="SeleniumLibrary">
<arg>continue-shopping</arg>
<doc>Clicks the button identified by ``locator``.</doc>
<msg timestamp="20231227 11:34:00.471" level="INFO">Clicking button 'continue-shopping'.</msg>
<status status="PASS" starttime="20231227 11:34:00.470" endtime="20231227 11:34:00.550"/>
</kw>
<kw name="Click Button" library="SeleniumLibrary">
<arg>remove-sauce-labs-onesie</arg>
<doc>Clicks the button identified by ``locator``.</doc>
<msg timestamp="20231227 11:34:00.551" level="INFO">Clicking button 'remove-sauce-labs-onesie'.</msg>
<status status="PASS" starttime="20231227 11:34:00.550" endtime="20231227 11:34:00.618"/>
</kw>
<kw name="Click Element" library="SeleniumLibrary">
<arg>react-burger-menu-btn</arg>
<doc>Click the element identified by ``locator``.</doc>
<msg timestamp="20231227 11:34:00.619" level="INFO">Clicking element 'react-burger-menu-btn'.</msg>
<status status="PASS" starttime="20231227 11:34:00.619" endtime="20231227 11:34:00.669"/>
</kw>
<kw name="Wait Until Element Is Enabled" library="SeleniumLibrary">
<arg>logout_sidebar_link</arg>
<doc>Waits until the element ``locator`` is enabled.</doc>
<status status="PASS" starttime="20231227 11:34:00.669" endtime="20231227 11:34:00.705"/>
</kw>
<kw name="Click Element" library="SeleniumLibrary">
<arg>id=logout_sidebar_link</arg>
<doc>Click the element identified by ``locator``.</doc>
<msg timestamp="20231227 11:34:00.707" level="INFO">Clicking element 'id=logout_sidebar_link'.</msg>
<status status="PASS" starttime="20231227 11:34:00.706" endtime="20231227 11:34:00.758"/>
</kw>
<status status="PASS" starttime="20231227 11:33:59.875" endtime="20231227 11:34:00.758"/>
</test>
<status status="PASS" starttime="20231227 11:33:52.074" endtime="20231227 11:34:00.759"/>
</suite>
<statistics>
<total>
<stat pass="2" fail="0" skip="0">All Tests</stat>
</total>
<tag>
</tag>
<suite>
<stat pass="2" fail="0" skip="0" id="s1" name="LaunchBrowser">LaunchBrowser</stat>
</suite>
</statistics>
<errors>
</errors>
</robot>
