<?xml version="1.0" encoding="UTF-8"?>
<robot generator="Robot 6.1.1 (Python 3.8.10 on linux)" generated="20231227 18:06:32.987" rpa="false" schemaversion="4">
<suite id="s1" name="Details" source="/home/ridham/PycharmProjects/webAutomation/Exercise2/Tests/Details.robot">
<test id="s1-t1" name="Valid Login" line="19">
<kw name="Launch Browser">
<kw name="Open Browser" library="SeleniumLibrary">
<arg>https://www.volansys.com/</arg>
<arg>chrome</arg>
<arg>options=add_experimental_option("detach", True)</arg>
<doc>Opens a new browser instance to the optional ``url``.</doc>
<msg timestamp="20231227 18:06:33.123" level="INFO">Opening browser 'chrome' to base url 'https://www.volansys.com/'.</msg>
<status status="PASS" starttime="20231227 18:06:33.123" endtime="20231227 18:06:42.190"/>
</kw>
<status status="PASS" starttime="20231227 18:06:33.122" endtime="20231227 18:06:42.190"/>
</kw>
<kw name="Click Element" library="SeleniumLibrary">
<arg>${MAINMENU}</arg>
<doc>Click the element identified by ``locator``.</doc>
<msg timestamp="20231227 18:06:42.196" level="INFO">Clicking element 'class=hamburger'.</msg>
<status status="PASS" starttime="20231227 18:06:42.191" endtime="20231227 18:06:42.426"/>
</kw>
<kw name="Wait Until Element Is Enabled" library="SeleniumLibrary">
<arg>${OFFERING}</arg>
<arg>${TIMEOUT}</arg>
<doc>Waits until the element ``locator`` is enabled.</doc>
<status status="PASS" starttime="20231227 18:06:42.427" endtime="20231227 18:06:42.496"/>
</kw>
<kw name="Click Element" library="SeleniumLibrary">
<arg>${OFFERING}</arg>
<doc>Click the element identified by ``locator``.</doc>
<msg timestamp="20231227 18:06:42.497" level="INFO">Clicking element 'id=mega-menu-item-14301'.</msg>
<status status="PASS" starttime="20231227 18:06:42.497" endtime="20231227 18:06:42.562"/>
</kw>
<kw name="Click Button" library="SeleniumLibrary">
<arg>${QA}</arg>
<doc>Clicks the button identified by ``locator``.</doc>
<msg timestamp="20231227 18:06:42.563" level="INFO">Clicking button 'Xpath://a[@id="mega-menu-item-14162"]'.</msg>
<msg timestamp="20231227 18:06:42.719" level="INFO" html="true">&lt;/td&gt;&lt;/tr&gt;&lt;tr&gt;&lt;td colspan="3"&gt;&lt;a href="selenium-screenshot-28.png"&gt;&lt;img src="selenium-screenshot-28.png" width="800px"&gt;&lt;/a&gt;</msg>
<msg timestamp="20231227 18:06:42.719" level="FAIL">Button with locator 'Xpath://a[@id="mega-menu-item-14162"]' not found.</msg>
<status status="FAIL" starttime="20231227 18:06:42.563" endtime="20231227 18:06:42.720"/>
</kw>
<kw name="Get Text" library="SeleniumLibrary">
<var>${DATA of Automation tools/frameworks}</var>
<arg>Xpath://*[@data-id="db3418e"]</arg>
<doc>Returns the text value of the element identified by ``locator``.</doc>
<status status="NOT RUN" starttime="20231227 18:06:42.720" endtime="20231227 18:06:42.720"/>
</kw>
<status status="FAIL" starttime="20231227 18:06:33.121" endtime="20231227 18:06:42.720">Button with locator 'Xpath://a[@id="mega-menu-item-14162"]' not found.</status>
</test>
<status status="FAIL" starttime="20231227 18:06:32.988" endtime="20231227 18:06:42.721"/>
</suite>
<statistics>
<total>
<stat pass="0" fail="1" skip="0">All Tests</stat>
</total>
<tag>
</tag>
<suite>
<stat pass="0" fail="1" skip="0" id="s1" name="Details">Details</stat>
</suite>
</statistics>
<errors>
</errors>
</robot>
